{"/mnt/c/users/matth/documents/flatiron/summative-lab-product-vendor-portal/src/App.jsx": {"path":"/mnt/c/users/matth/documents/flatiron/summative-lab-product-vendor-portal/src/App.jsx","statementMap":{"0":{"start":{"line":14,"column":2},"end":{"line":29,"column":null}}},"fnMap":{"0":{"name":"App","decl":{"start":{"line":12,"column":9},"end":{"line":12,"column":15}},"loc":{"start":{"line":12,"column":15},"end":{"line":31,"column":null}},"line":12}},"branchMap":{},"s":{"0":1},"f":{"0":1},"b":{},"meta":{"lastBranch":0,"lastFunction":1,"lastStatement":1,"seen":{"f:12:9:12:15":0,"s:14:2:29:Infinity":0},"fnNames":{}}}
,"/mnt/c/users/matth/documents/flatiron/summative-lab-product-vendor-portal/src/components/NavBar.jsx": {"path":"/mnt/c/users/matth/documents/flatiron/summative-lab-product-vendor-portal/src/components/NavBar.jsx","statementMap":{"0":{"start":{"line":5,"column":4},"end":{"line":10,"column":null}}},"fnMap":{"0":{"name":"NavBar","decl":{"start":{"line":4,"column":9},"end":{"line":4,"column":18}},"loc":{"start":{"line":4,"column":18},"end":{"line":12,"column":null}},"line":4}},"branchMap":{},"s":{"0":6},"f":{"0":6},"b":{},"meta":{"lastBranch":0,"lastFunction":1,"lastStatement":1,"seen":{"f:4:9:4:18":0,"s:5:4:10:Infinity":0},"fnNames":{}}}
,"/mnt/c/users/matth/documents/flatiron/summative-lab-product-vendor-portal/src/components/Search.jsx": {"path":"/mnt/c/users/matth/documents/flatiron/summative-lab-product-vendor-portal/src/components/Search.jsx","statementMap":{"0":{"start":{"line":6,"column":19},"end":{"line":6,"column":null}},"1":{"start":{"line":8,"column":2},"end":{"line":12,"column":null}},"2":{"start":{"line":9,"column":4},"end":{"line":11,"column":null}},"3":{"start":{"line":10,"column":6},"end":{"line":10,"column":null}},"4":{"start":{"line":14,"column":4},"end":{"line":25,"column":null}},"5":{"start":{"line":23,"column":33},"end":{"line":23,"column":null}}},"fnMap":{"0":{"name":"Search","decl":{"start":{"line":4,"column":9},"end":{"line":4,"column":16}},"loc":{"start":{"line":4,"column":43},"end":{"line":27,"column":null}},"line":4},"1":{"name":"(anonymous_1)","decl":{"start":{"line":8,"column":2},"end":{"line":8,"column":18}},"loc":{"start":{"line":8,"column":18},"end":{"line":12,"column":5}},"line":8},"2":{"name":"(anonymous_2)","decl":{"start":{"line":23,"column":16},"end":{"line":23,"column":27}},"loc":{"start":{"line":23,"column":33},"end":{"line":23,"column":null}},"line":23}},"branchMap":{"0":{"loc":{"start":{"line":9,"column":4},"end":{"line":11,"column":null}},"type":"if","locations":[{"start":{"line":9,"column":4},"end":{"line":11,"column":null}},{"start":{},"end":{}}],"line":9}},"s":{"0":5,"1":5,"2":4,"3":4,"4":5,"5":2},"f":{"0":5,"1":4,"2":2},"b":{"0":[4,0]},"meta":{"lastBranch":1,"lastFunction":3,"lastStatement":6,"seen":{"f:4:9:4:16":0,"s:6:19:6:Infinity":0,"s:8:2:12:Infinity":1,"f:8:2:8:18":1,"b:9:4:11:Infinity:undefined:undefined:undefined:undefined":0,"s:9:4:11:Infinity":2,"s:10:6:10:Infinity":3,"s:14:4:25:Infinity":4,"f:23:16:23:27":2,"s:23:33:23:Infinity":5},"fnNames":{}}}
,"/mnt/c/users/matth/documents/flatiron/summative-lab-product-vendor-portal/src/hooks/useAddDoor.js": {"path":"/mnt/c/users/matth/documents/flatiron/summative-lab-product-vendor-portal/src/hooks/useAddDoor.js","statementMap":{"0":{"start":{"line":4,"column":42},"end":{"line":4,"column":null}},"1":{"start":{"line":5,"column":28},"end":{"line":5,"column":null}},"2":{"start":{"line":7,"column":18},"end":{"line":32,"column":null}},"3":{"start":{"line":8,"column":4},"end":{"line":8,"column":null}},"4":{"start":{"line":9,"column":4},"end":{"line":9,"column":null}},"5":{"start":{"line":11,"column":4},"end":{"line":31,"column":null}},"6":{"start":{"line":12,"column":23},"end":{"line":18,"column":null}},"7":{"start":{"line":20,"column":6},"end":{"line":22,"column":null}},"8":{"start":{"line":21,"column":8},"end":{"line":21,"column":null}},"9":{"start":{"line":24,"column":22},"end":{"line":24,"column":null}},"10":{"start":{"line":25,"column":6},"end":{"line":25,"column":null}},"11":{"start":{"line":26,"column":6},"end":{"line":26,"column":null}},"12":{"start":{"line":28,"column":6},"end":{"line":28,"column":null}},"13":{"start":{"line":29,"column":6},"end":{"line":29,"column":null}},"14":{"start":{"line":30,"column":6},"end":{"line":30,"column":null}},"15":{"start":{"line":34,"column":2},"end":{"line":34,"column":null}}},"fnMap":{"0":{"name":"useAddDoor","decl":{"start":{"line":3,"column":16},"end":{"line":3,"column":29}},"loc":{"start":{"line":3,"column":29},"end":{"line":35,"column":null}},"line":3},"1":{"name":"(anonymous_1)","decl":{"start":{"line":7,"column":18},"end":{"line":7,"column":25}},"loc":{"start":{"line":7,"column":38},"end":{"line":32,"column":null}},"line":7}},"branchMap":{"0":{"loc":{"start":{"line":20,"column":6},"end":{"line":22,"column":null}},"type":"if","locations":[{"start":{"line":20,"column":6},"end":{"line":22,"column":null}},{"start":{},"end":{}}],"line":20}},"s":{"0":5,"1":5,"2":5,"3":3,"4":3,"5":3,"6":3,"7":2,"8":1,"9":1,"10":1,"11":1,"12":2,"13":2,"14":2,"15":5},"f":{"0":5,"1":3},"b":{"0":[1,1]},"meta":{"lastBranch":1,"lastFunction":2,"lastStatement":16,"seen":{"f:3:16:3:29":0,"s:4:42:4:Infinity":0,"s:5:28:5:Infinity":1,"s:7:18:32:Infinity":2,"f:7:18:7:25":1,"s:8:4:8:Infinity":3,"s:9:4:9:Infinity":4,"s:11:4:31:Infinity":5,"s:12:23:18:Infinity":6,"b:20:6:22:Infinity:undefined:undefined:undefined:undefined":0,"s:20:6:22:Infinity":7,"s:21:8:21:Infinity":8,"s:24:22:24:Infinity":9,"s:25:6:25:Infinity":10,"s:26:6:26:Infinity":11,"s:28:6:28:Infinity":12,"s:29:6:29:Infinity":13,"s:30:6:30:Infinity":14,"s:34:2:34:Infinity":15},"fnNames":{}}}
,"/mnt/c/users/matth/documents/flatiron/summative-lab-product-vendor-portal/src/hooks/useDeleteDoor.js": {"path":"/mnt/c/users/matth/documents/flatiron/summative-lab-product-vendor-portal/src/hooks/useDeleteDoor.js","statementMap":{"0":{"start":{"line":4,"column":38},"end":{"line":4,"column":null}},"1":{"start":{"line":5,"column":28},"end":{"line":5,"column":null}},"2":{"start":{"line":7,"column":21},"end":{"line":27,"column":null}},"3":{"start":{"line":8,"column":4},"end":{"line":8,"column":null}},"4":{"start":{"line":9,"column":4},"end":{"line":9,"column":null}},"5":{"start":{"line":11,"column":4},"end":{"line":26,"column":null}},"6":{"start":{"line":12,"column":23},"end":{"line":14,"column":null}},"7":{"start":{"line":16,"column":6},"end":{"line":18,"column":null}},"8":{"start":{"line":17,"column":8},"end":{"line":17,"column":null}},"9":{"start":{"line":20,"column":6},"end":{"line":20,"column":null}},"10":{"start":{"line":21,"column":6},"end":{"line":21,"column":null}},"11":{"start":{"line":23,"column":6},"end":{"line":23,"column":null}},"12":{"start":{"line":24,"column":6},"end":{"line":24,"column":null}},"13":{"start":{"line":25,"column":6},"end":{"line":25,"column":null}},"14":{"start":{"line":29,"column":2},"end":{"line":29,"column":null}}},"fnMap":{"0":{"name":"useDeleteDoor","decl":{"start":{"line":3,"column":16},"end":{"line":3,"column":32}},"loc":{"start":{"line":3,"column":32},"end":{"line":30,"column":null}},"line":3},"1":{"name":"(anonymous_1)","decl":{"start":{"line":7,"column":21},"end":{"line":7,"column":28}},"loc":{"start":{"line":7,"column":35},"end":{"line":27,"column":null}},"line":7}},"branchMap":{"0":{"loc":{"start":{"line":16,"column":6},"end":{"line":18,"column":null}},"type":"if","locations":[{"start":{"line":16,"column":6},"end":{"line":18,"column":null}},{"start":{},"end":{}}],"line":16}},"s":{"0":7,"1":7,"2":7,"3":2,"4":2,"5":2,"6":2,"7":2,"8":1,"9":1,"10":1,"11":1,"12":1,"13":1,"14":7},"f":{"0":7,"1":2},"b":{"0":[1,1]},"meta":{"lastBranch":1,"lastFunction":2,"lastStatement":15,"seen":{"f:3:16:3:32":0,"s:4:38:4:Infinity":0,"s:5:28:5:Infinity":1,"s:7:21:27:Infinity":2,"f:7:21:7:28":1,"s:8:4:8:Infinity":3,"s:9:4:9:Infinity":4,"s:11:4:26:Infinity":5,"s:12:23:14:Infinity":6,"b:16:6:18:Infinity:undefined:undefined:undefined:undefined":0,"s:16:6:18:Infinity":7,"s:17:8:17:Infinity":8,"s:20:6:20:Infinity":9,"s:21:6:21:Infinity":10,"s:23:6:23:Infinity":11,"s:24:6:24:Infinity":12,"s:25:6:25:Infinity":13,"s:29:2:29:Infinity":14},"fnNames":{}}}
,"/mnt/c/users/matth/documents/flatiron/summative-lab-product-vendor-portal/src/hooks/useDoors.js": {"path":"/mnt/c/users/matth/documents/flatiron/summative-lab-product-vendor-portal/src/hooks/useDoors.js","statementMap":{"0":{"start":{"line":5,"column":28},"end":{"line":5,"column":null}},"1":{"start":{"line":6,"column":36},"end":{"line":6,"column":null}},"2":{"start":{"line":7,"column":28},"end":{"line":7,"column":null}},"3":{"start":{"line":9,"column":2},"end":{"line":24,"column":null}},"4":{"start":{"line":10,"column":4},"end":{"line":10,"column":null}},"5":{"start":{"line":11,"column":4},"end":{"line":23,"column":null}},"6":{"start":{"line":13,"column":8},"end":{"line":13,"column":null}},"7":{"start":{"line":13,"column":19},"end":{"line":13,"column":null}},"8":{"start":{"line":14,"column":8},"end":{"line":14,"column":null}},"9":{"start":{"line":17,"column":8},"end":{"line":17,"column":null}},"10":{"start":{"line":18,"column":8},"end":{"line":18,"column":null}},"11":{"start":{"line":21,"column":8},"end":{"line":21,"column":null}},"12":{"start":{"line":22,"column":8},"end":{"line":22,"column":null}},"13":{"start":{"line":26,"column":8},"end":{"line":28,"column":null}},"14":{"start":{"line":27,"column":4},"end":{"line":27,"column":null}},"15":{"start":{"line":27,"column":23},"end":{"line":27,"column":41}},"16":{"start":{"line":30,"column":8},"end":{"line":34,"column":null}},"17":{"start":{"line":31,"column":4},"end":{"line":33,"column":null}},"18":{"start":{"line":32,"column":6},"end":{"line":32,"column":null}},"19":{"start":{"line":32,"column":26},"end":{"line":32,"column":74}},"20":{"start":{"line":36,"column":8},"end":{"line":38,"column":null}},"21":{"start":{"line":37,"column":4},"end":{"line":37,"column":null}},"22":{"start":{"line":37,"column":23},"end":{"line":37,"column":60}},"23":{"start":{"line":37,"column":45},"end":{"line":37,"column":59}},"24":{"start":{"line":40,"column":2},"end":{"line":40,"column":null}}},"fnMap":{"0":{"name":"useDoors","decl":{"start":{"line":3,"column":16},"end":{"line":3,"column":27}},"loc":{"start":{"line":3,"column":27},"end":{"line":41,"column":null}},"line":3},"1":{"name":"(anonymous_1)","decl":{"start":{"line":9,"column":2},"end":{"line":9,"column":18}},"loc":{"start":{"line":9,"column":18},"end":{"line":24,"column":5}},"line":9},"2":{"name":"(anonymous_2)","decl":{"start":{"line":12,"column":7},"end":{"line":12,"column":13}},"loc":{"start":{"line":12,"column":19},"end":{"line":15,"column":7}},"line":12},"3":{"name":"(anonymous_3)","decl":{"start":{"line":16,"column":7},"end":{"line":16,"column":13}},"loc":{"start":{"line":16,"column":22},"end":{"line":19,"column":7}},"line":16},"4":{"name":"(anonymous_4)","decl":{"start":{"line":20,"column":7},"end":{"line":20,"column":14}},"loc":{"start":{"line":20,"column":22},"end":{"line":23,"column":7}},"line":20},"5":{"name":"(anonymous_5)","decl":{"start":{"line":26,"column":8},"end":{"line":26,"column":25}},"loc":{"start":{"line":26,"column":37},"end":{"line":28,"column":null}},"line":26},"6":{"name":"(anonymous_6)","decl":{"start":{"line":27,"column":4},"end":{"line":27,"column":14}},"loc":{"start":{"line":27,"column":23},"end":{"line":27,"column":41}},"line":27},"7":{"name":"(anonymous_7)","decl":{"start":{"line":30,"column":8},"end":{"line":30,"column":28}},"loc":{"start":{"line":30,"column":44},"end":{"line":34,"column":null}},"line":30},"8":{"name":"(anonymous_8)","decl":{"start":{"line":31,"column":4},"end":{"line":31,"column":14}},"loc":{"start":{"line":32,"column":6},"end":{"line":32,"column":null}},"line":32},"9":{"name":"(anonymous_9)","decl":{"start":{"line":32,"column":11},"end":{"line":32,"column":16}},"loc":{"start":{"line":32,"column":26},"end":{"line":32,"column":74}},"line":32},"10":{"name":"(anonymous_10)","decl":{"start":{"line":36,"column":8},"end":{"line":36,"column":30}},"loc":{"start":{"line":36,"column":37},"end":{"line":38,"column":null}},"line":36},"11":{"name":"(anonymous_11)","decl":{"start":{"line":37,"column":4},"end":{"line":37,"column":14}},"loc":{"start":{"line":37,"column":23},"end":{"line":37,"column":60}},"line":37},"12":{"name":"(anonymous_12)","decl":{"start":{"line":37,"column":28},"end":{"line":37,"column":36}},"loc":{"start":{"line":37,"column":45},"end":{"line":37,"column":59}},"line":37}},"branchMap":{"0":{"loc":{"start":{"line":13,"column":8},"end":{"line":13,"column":null}},"type":"if","locations":[{"start":{"line":13,"column":8},"end":{"line":13,"column":null}},{"start":{},"end":{}}],"line":13},"1":{"loc":{"start":{"line":32,"column":26},"end":{"line":32,"column":74}},"type":"cond-expr","locations":[{"start":{"line":32,"column":55},"end":{"line":32,"column":69}},{"start":{"line":32,"column":69},"end":{"line":32,"column":74}}],"line":32}},"s":{"0":9,"1":9,"2":9,"3":9,"4":3,"5":3,"6":3,"7":1,"8":2,"9":2,"10":2,"11":1,"12":1,"13":9,"14":1,"15":1,"16":9,"17":1,"18":1,"19":2,"20":9,"21":1,"22":1,"23":2,"24":9},"f":{"0":9,"1":3,"2":3,"3":2,"4":1,"5":1,"6":1,"7":1,"8":1,"9":2,"10":1,"11":1,"12":2},"b":{"0":[1,2],"1":[1,1]},"meta":{"lastBranch":2,"lastFunction":13,"lastStatement":25,"seen":{"f:3:16:3:27":0,"s:5:28:5:Infinity":0,"s:6:36:6:Infinity":1,"s:7:28:7:Infinity":2,"s:9:2:24:Infinity":3,"f:9:2:9:18":1,"s:10:4:10:Infinity":4,"s:11:4:23:Infinity":5,"f:12:7:12:13":2,"b:13:8:13:Infinity:undefined:undefined:undefined:undefined":0,"s:13:8:13:Infinity":6,"s:13:19:13:Infinity":7,"s:14:8:14:Infinity":8,"f:16:7:16:13":3,"s:17:8:17:Infinity":9,"s:18:8:18:Infinity":10,"f:20:7:20:14":4,"s:21:8:21:Infinity":11,"s:22:8:22:Infinity":12,"s:26:8:28:Infinity":13,"f:26:8:26:25":5,"s:27:4:27:Infinity":14,"f:27:4:27:14":6,"s:27:23:27:41":15,"s:30:8:34:Infinity":16,"f:30:8:30:28":7,"s:31:4:33:Infinity":17,"f:31:4:31:14":8,"s:32:6:32:Infinity":18,"f:32:11:32:16":9,"s:32:26:32:74":19,"b:32:55:32:69:32:69:32:74":1,"s:36:8:38:Infinity":20,"f:36:8:36:30":10,"s:37:4:37:Infinity":21,"f:37:4:37:14":11,"s:37:23:37:60":22,"f:37:28:37:36":12,"s:37:45:37:59":23,"s:40:2:40:Infinity":24},"fnNames":{}}}
,"/mnt/c/users/matth/documents/flatiron/summative-lab-product-vendor-portal/src/hooks/usePatchDoor.js": {"path":"/mnt/c/users/matth/documents/flatiron/summative-lab-product-vendor-portal/src/hooks/usePatchDoor.js","statementMap":{"0":{"start":{"line":4,"column":38},"end":{"line":4,"column":null}},"1":{"start":{"line":5,"column":28},"end":{"line":5,"column":null}},"2":{"start":{"line":7,"column":20},"end":{"line":32,"column":null}},"3":{"start":{"line":8,"column":4},"end":{"line":8,"column":null}},"4":{"start":{"line":9,"column":4},"end":{"line":9,"column":null}},"5":{"start":{"line":11,"column":4},"end":{"line":31,"column":null}},"6":{"start":{"line":12,"column":23},"end":{"line":18,"column":null}},"7":{"start":{"line":20,"column":6},"end":{"line":22,"column":null}},"8":{"start":{"line":21,"column":8},"end":{"line":21,"column":null}},"9":{"start":{"line":24,"column":26},"end":{"line":24,"column":null}},"10":{"start":{"line":25,"column":6},"end":{"line":25,"column":null}},"11":{"start":{"line":26,"column":6},"end":{"line":26,"column":null}},"12":{"start":{"line":28,"column":6},"end":{"line":28,"column":null}},"13":{"start":{"line":29,"column":6},"end":{"line":29,"column":null}},"14":{"start":{"line":30,"column":6},"end":{"line":30,"column":null}},"15":{"start":{"line":34,"column":2},"end":{"line":34,"column":null}}},"fnMap":{"0":{"name":"usePatchDoor","decl":{"start":{"line":3,"column":16},"end":{"line":3,"column":31}},"loc":{"start":{"line":3,"column":31},"end":{"line":35,"column":null}},"line":3},"1":{"name":"(anonymous_1)","decl":{"start":{"line":7,"column":20},"end":{"line":7,"column":27}},"loc":{"start":{"line":7,"column":49},"end":{"line":32,"column":null}},"line":7}},"branchMap":{"0":{"loc":{"start":{"line":20,"column":6},"end":{"line":22,"column":null}},"type":"if","locations":[{"start":{"line":20,"column":6},"end":{"line":22,"column":null}},{"start":{},"end":{}}],"line":20}},"s":{"0":4,"1":4,"2":4,"3":2,"4":2,"5":2,"6":2,"7":2,"8":1,"9":1,"10":1,"11":1,"12":1,"13":1,"14":1,"15":4},"f":{"0":4,"1":2},"b":{"0":[1,1]},"meta":{"lastBranch":1,"lastFunction":2,"lastStatement":16,"seen":{"f:3:16:3:31":0,"s:4:38:4:Infinity":0,"s:5:28:5:Infinity":1,"s:7:20:32:Infinity":2,"f:7:20:7:27":1,"s:8:4:8:Infinity":3,"s:9:4:9:Infinity":4,"s:11:4:31:Infinity":5,"s:12:23:18:Infinity":6,"b:20:6:22:Infinity:undefined:undefined:undefined:undefined":0,"s:20:6:22:Infinity":7,"s:21:8:21:Infinity":8,"s:24:26:24:Infinity":9,"s:25:6:25:Infinity":10,"s:26:6:26:Infinity":11,"s:28:6:28:Infinity":12,"s:29:6:29:Infinity":13,"s:30:6:30:Infinity":14,"s:34:2:34:Infinity":15},"fnNames":{}}}
,"/mnt/c/users/matth/documents/flatiron/summative-lab-product-vendor-portal/src/pages/AdminPortal.jsx": {"path":"/mnt/c/users/matth/documents/flatiron/summative-lab-product-vendor-portal/src/pages/AdminPortal.jsx","statementMap":{"0":{"start":{"line":5,"column":4},"end":{"line":12,"column":null}}},"fnMap":{"0":{"name":"AdminPortal","decl":{"start":{"line":4,"column":9},"end":{"line":4,"column":23}},"loc":{"start":{"line":4,"column":23},"end":{"line":14,"column":null}},"line":4}},"branchMap":{},"s":{"0":1},"f":{"0":1},"b":{},"meta":{"lastBranch":0,"lastFunction":1,"lastStatement":1,"seen":{"f:4:9:4:23":0,"s:5:4:12:Infinity":0},"fnNames":{}}}
,"/mnt/c/users/matth/documents/flatiron/summative-lab-product-vendor-portal/src/pages/DoorCard.jsx": {"path":"/mnt/c/users/matth/documents/flatiron/summative-lab-product-vendor-portal/src/pages/DoorCard.jsx","statementMap":{"0":{"start":{"line":6,"column":46},"end":{"line":6,"column":60}},"1":{"start":{"line":7,"column":21},"end":{"line":7,"column":33}},"2":{"start":{"line":8,"column":35},"end":{"line":8,"column":52}},"3":{"start":{"line":10,"column":25},"end":{"line":22,"column":null}},"4":{"start":{"line":11,"column":4},"end":{"line":21,"column":null}},"5":{"start":{"line":12,"column":6},"end":{"line":20,"column":null}},"6":{"start":{"line":13,"column":8},"end":{"line":13,"column":null}},"7":{"start":{"line":14,"column":8},"end":{"line":14,"column":null}},"8":{"start":{"line":15,"column":8},"end":{"line":17,"column":null}},"9":{"start":{"line":16,"column":10},"end":{"line":16,"column":null}},"10":{"start":{"line":19,"column":8},"end":{"line":19,"column":null}},"11":{"start":{"line":24,"column":4},"end":{"line":24,"column":null}},"12":{"start":{"line":24,"column":15},"end":{"line":24,"column":null}},"13":{"start":{"line":26,"column":4},"end":{"line":50,"column":null}},"14":{"start":{"line":37,"column":31},"end":{"line":37,"column":null}}},"fnMap":{"0":{"name":"DoorCard","decl":{"start":{"line":4,"column":9},"end":{"line":4,"column":18}},"loc":{"start":{"line":4,"column":42},"end":{"line":52,"column":null}},"line":4},"1":{"name":"(anonymous_1)","decl":{"start":{"line":10,"column":25},"end":{"line":10,"column":37}},"loc":{"start":{"line":10,"column":37},"end":{"line":22,"column":null}},"line":10},"2":{"name":"(anonymous_2)","decl":{"start":{"line":37,"column":16},"end":{"line":37,"column":31}},"loc":{"start":{"line":37,"column":31},"end":{"line":37,"column":null}},"line":37}},"branchMap":{"0":{"loc":{"start":{"line":11,"column":4},"end":{"line":21,"column":null}},"type":"if","locations":[{"start":{"line":11,"column":4},"end":{"line":21,"column":null}},{"start":{},"end":{}}],"line":11},"1":{"loc":{"start":{"line":15,"column":8},"end":{"line":17,"column":null}},"type":"if","locations":[{"start":{"line":15,"column":8},"end":{"line":17,"column":null}},{"start":{},"end":{}}],"line":15},"2":{"loc":{"start":{"line":24,"column":4},"end":{"line":24,"column":null}},"type":"if","locations":[{"start":{"line":24,"column":4},"end":{"line":24,"column":null}},{"start":{},"end":{}}],"line":24},"3":{"loc":{"start":{"line":32,"column":13},"end":{"line":32,"column":null}},"type":"binary-expr","locations":[{"start":{"line":32,"column":13},"end":{"line":32,"column":22}},{"start":{"line":32,"column":22},"end":{"line":32,"column":null}}],"line":32},"4":{"loc":{"start":{"line":48,"column":17},"end":{"line":48,"column":null}},"type":"cond-expr","locations":[{"start":{"line":48,"column":30},"end":{"line":48,"column":46}},{"start":{"line":48,"column":46},"end":{"line":48,"column":null}}],"line":48}},"s":{"0":8,"1":8,"2":8,"3":8,"4":3,"5":2,"6":2,"7":1,"8":1,"9":0,"10":1,"11":8,"12":0,"13":8,"14":1},"f":{"0":8,"1":3,"2":1},"b":{"0":[2,1],"1":[0,1],"2":[0,8],"3":[8,1],"4":[0,8]},"meta":{"lastBranch":5,"lastFunction":3,"lastStatement":15,"seen":{"f:4:9:4:18":0,"s:6:46:6:60":0,"s:7:21:7:33":1,"s:8:35:8:52":2,"s:10:25:22:Infinity":3,"f:10:25:10:37":1,"b:11:4:21:Infinity:undefined:undefined:undefined:undefined":0,"s:11:4:21:Infinity":4,"s:12:6:20:Infinity":5,"s:13:8:13:Infinity":6,"s:14:8:14:Infinity":7,"b:15:8:17:Infinity:undefined:undefined:undefined:undefined":1,"s:15:8:17:Infinity":8,"s:16:10:16:Infinity":9,"s:19:8:19:Infinity":10,"b:24:4:24:Infinity:undefined:undefined:undefined:undefined":2,"s:24:4:24:Infinity":11,"s:24:15:24:Infinity":12,"s:26:4:50:Infinity":13,"b:32:13:32:22:32:22:32:Infinity":3,"f:37:16:37:31":2,"s:37:31:37:Infinity":14,"b:48:30:48:46:48:46:48:Infinity":4},"fnNames":{}}}
,"/mnt/c/users/matth/documents/flatiron/summative-lab-product-vendor-portal/src/pages/DoorContainer.jsx": {"path":"/mnt/c/users/matth/documents/flatiron/summative-lab-product-vendor-portal/src/pages/DoorContainer.jsx","statementMap":{"0":{"start":{"line":9,"column":97},"end":{"line":9,"column":106}},"1":{"start":{"line":10,"column":34},"end":{"line":10,"column":null}},"2":{"start":{"line":12,"column":30},"end":{"line":17,"column":null}},"3":{"start":{"line":13,"column":25},"end":{"line":13,"column":null}},"4":{"start":{"line":14,"column":34},"end":{"line":14,"column":null}},"5":{"start":{"line":15,"column":38},"end":{"line":15,"column":null}},"6":{"start":{"line":16,"column":12},"end":{"line":16,"column":null}},"7":{"start":{"line":19,"column":8},"end":{"line":19,"column":null}},"8":{"start":{"line":19,"column":23},"end":{"line":19,"column":null}},"9":{"start":{"line":20,"column":8},"end":{"line":20,"column":null}},"10":{"start":{"line":20,"column":19},"end":{"line":20,"column":null}},"11":{"start":{"line":22,"column":8},"end":{"line":28,"column":null}}},"fnMap":{"0":{"name":"DoorContainer","decl":{"start":{"line":7,"column":13},"end":{"line":7,"column":29}},"loc":{"start":{"line":7,"column":29},"end":{"line":30,"column":null}},"line":7},"1":{"name":"(anonymous_1)","decl":{"start":{"line":12,"column":36},"end":{"line":12,"column":44}},"loc":{"start":{"line":12,"column":53},"end":{"line":17,"column":9}},"line":12}},"branchMap":{"0":{"loc":{"start":{"line":16,"column":19},"end":{"line":16,"column":null}},"type":"binary-expr","locations":[{"start":{"line":16,"column":19},"end":{"line":16,"column":36}},{"start":{"line":16,"column":36},"end":{"line":16,"column":null}}],"line":16},"1":{"loc":{"start":{"line":19,"column":8},"end":{"line":19,"column":null}},"type":"if","locations":[{"start":{"line":19,"column":8},"end":{"line":19,"column":null}},{"start":{},"end":{}}],"line":19},"2":{"loc":{"start":{"line":20,"column":8},"end":{"line":20,"column":null}},"type":"if","locations":[{"start":{"line":20,"column":8},"end":{"line":20,"column":null}},{"start":{},"end":{}}],"line":20}},"s":{"0":4,"1":4,"2":4,"3":2,"4":2,"5":2,"6":2,"7":4,"8":1,"9":3,"10":1,"11":2},"f":{"0":4,"1":2},"b":{"0":[2,0],"1":[1,3],"2":[1,2]},"meta":{"lastBranch":3,"lastFunction":2,"lastStatement":12,"seen":{"f:7:13:7:29":0,"s:9:97:9:106":0,"s:10:34:10:Infinity":1,"s:12:30:17:Infinity":2,"f:12:36:12:44":1,"s:13:25:13:Infinity":3,"s:14:34:14:Infinity":4,"s:15:38:15:Infinity":5,"s:16:12:16:Infinity":6,"b:16:19:16:36:16:36:16:Infinity":0,"b:19:8:19:Infinity:undefined:undefined:undefined:undefined":1,"s:19:8:19:Infinity":7,"s:19:23:19:Infinity":8,"b:20:8:20:Infinity:undefined:undefined:undefined:undefined":2,"s:20:8:20:Infinity":9,"s:20:19:20:Infinity":10,"s:22:8:28:Infinity":11},"fnNames":{}}}
,"/mnt/c/users/matth/documents/flatiron/summative-lab-product-vendor-portal/src/pages/DoorEditForm.jsx": {"path":"/mnt/c/users/matth/documents/flatiron/summative-lab-product-vendor-portal/src/pages/DoorEditForm.jsx","statementMap":{"0":{"start":{"line":6,"column":17},"end":{"line":6,"column":27}},"1":{"start":{"line":7,"column":19},"end":{"line":7,"column":31}},"2":{"start":{"line":8,"column":38},"end":{"line":8,"column":55}},"3":{"start":{"line":10,"column":43},"end":{"line":10,"column":56}},"4":{"start":{"line":12,"column":34},"end":{"line":18,"column":null}},"5":{"start":{"line":20,"column":2},"end":{"line":33,"column":null}},"6":{"start":{"line":22,"column":25},"end":{"line":22,"column":null}},"7":{"start":{"line":22,"column":43},"end":{"line":22,"column":76}},"8":{"start":{"line":24,"column":4},"end":{"line":32,"column":null}},"9":{"start":{"line":25,"column":6},"end":{"line":31,"column":null}},"10":{"start":{"line":35,"column":8},"end":{"line":38,"column":null}},"11":{"start":{"line":36,"column":28},"end":{"line":36,"column":null}},"12":{"start":{"line":37,"column":4},"end":{"line":37,"column":null}},"13":{"start":{"line":37,"column":27},"end":{"line":37,"column":54}},"14":{"start":{"line":40,"column":23},"end":{"line":57,"column":null}},"15":{"start":{"line":41,"column":4},"end":{"line":41,"column":null}},"16":{"start":{"line":42,"column":4},"end":{"line":56,"column":null}},"17":{"start":{"line":43,"column":28},"end":{"line":48,"column":null}},"18":{"start":{"line":50,"column":26},"end":{"line":50,"column":null}},"19":{"start":{"line":51,"column":6},"end":{"line":51,"column":null}},"20":{"start":{"line":53,"column":6},"end":{"line":53,"column":null}},"21":{"start":{"line":55,"column":6},"end":{"line":55,"column":null}},"22":{"start":{"line":59,"column":2},"end":{"line":115,"column":null}},"23":{"start":{"line":109,"column":25},"end":{"line":109,"column":null}}},"fnMap":{"0":{"name":"DoorEditForm","decl":{"start":{"line":5,"column":9},"end":{"line":5,"column":24}},"loc":{"start":{"line":5,"column":24},"end":{"line":117,"column":null}},"line":5},"1":{"name":"(anonymous_1)","decl":{"start":{"line":20,"column":2},"end":{"line":20,"column":18}},"loc":{"start":{"line":20,"column":18},"end":{"line":33,"column":5}},"line":20},"2":{"name":"(anonymous_2)","decl":{"start":{"line":22,"column":31},"end":{"line":22,"column":37}},"loc":{"start":{"line":22,"column":43},"end":{"line":22,"column":76}},"line":22},"3":{"name":"(anonymous_3)","decl":{"start":{"line":35,"column":8},"end":{"line":35,"column":24}},"loc":{"start":{"line":35,"column":30},"end":{"line":38,"column":null}},"line":35},"4":{"name":"(anonymous_4)","decl":{"start":{"line":37,"column":4},"end":{"line":37,"column":17}},"loc":{"start":{"line":37,"column":27},"end":{"line":37,"column":54}},"line":37},"5":{"name":"(anonymous_5)","decl":{"start":{"line":40,"column":23},"end":{"line":40,"column":30}},"loc":{"start":{"line":40,"column":36},"end":{"line":57,"column":null}},"line":40},"6":{"name":"(anonymous_6)","decl":{"start":{"line":109,"column":10},"end":{"line":109,"column":25}},"loc":{"start":{"line":109,"column":25},"end":{"line":109,"column":null}},"line":109}},"branchMap":{"0":{"loc":{"start":{"line":24,"column":4},"end":{"line":32,"column":null}},"type":"if","locations":[{"start":{"line":24,"column":4},"end":{"line":32,"column":null}},{"start":{},"end":{}}],"line":24},"1":{"loc":{"start":{"line":62,"column":7},"end":{"line":62,"column":null}},"type":"binary-expr","locations":[{"start":{"line":62,"column":7},"end":{"line":62,"column":16}},{"start":{"line":62,"column":16},"end":{"line":62,"column":null}}],"line":62},"2":{"loc":{"start":{"line":104,"column":11},"end":{"line":104,"column":null}},"type":"cond-expr","locations":[{"start":{"line":104,"column":24},"end":{"line":104,"column":38}},{"start":{"line":104,"column":38},"end":{"line":104,"column":null}}],"line":104}},"s":{"0":7,"1":7,"2":7,"3":7,"4":7,"5":7,"6":3,"7":3,"8":3,"9":3,"10":7,"11":1,"12":1,"13":1,"14":7,"15":2,"16":2,"17":2,"18":2,"19":1,"20":1,"21":1,"22":7,"23":1},"f":{"0":7,"1":3,"2":3,"3":1,"4":1,"5":2,"6":1},"b":{"0":[3,0],"1":[7,2],"2":[0,7]},"meta":{"lastBranch":3,"lastFunction":7,"lastStatement":24,"seen":{"f:5:9:5:24":0,"s:6:17:6:27":0,"s:7:19:7:31":1,"s:8:38:8:55":2,"s:10:43:10:56":3,"s:12:34:18:Infinity":4,"s:20:2:33:Infinity":5,"f:20:2:20:18":1,"s:22:25:22:Infinity":6,"f:22:31:22:37":2,"s:22:43:22:76":7,"b:24:4:32:Infinity:undefined:undefined:undefined:undefined":0,"s:24:4:32:Infinity":8,"s:25:6:31:Infinity":9,"s:35:8:38:Infinity":10,"f:35:8:35:24":3,"s:36:28:36:Infinity":11,"s:37:4:37:Infinity":12,"f:37:4:37:17":4,"s:37:27:37:54":13,"s:40:23:57:Infinity":14,"f:40:23:40:30":5,"s:41:4:41:Infinity":15,"s:42:4:56:Infinity":16,"s:43:28:48:Infinity":17,"s:50:26:50:Infinity":18,"s:51:6:51:Infinity":19,"s:53:6:53:Infinity":20,"s:55:6:55:Infinity":21,"s:59:2:115:Infinity":22,"b:62:7:62:16:62:16:62:Infinity":1,"b:104:24:104:38:104:38:104:Infinity":2,"f:109:10:109:25":6,"s:109:25:109:Infinity":23},"fnNames":{}}}
,"/mnt/c/users/matth/documents/flatiron/summative-lab-product-vendor-portal/src/pages/DoorForm.jsx": {"path":"/mnt/c/users/matth/documents/flatiron/summative-lab-product-vendor-portal/src/pages/DoorForm.jsx","statementMap":{"0":{"start":{"line":7,"column":19},"end":{"line":7,"column":31}},"1":{"start":{"line":8,"column":18},"end":{"line":8,"column":35}},"2":{"start":{"line":9,"column":24},"end":{"line":9,"column":null}},"3":{"start":{"line":11,"column":43},"end":{"line":11,"column":54}},"4":{"start":{"line":12,"column":34},"end":{"line":18,"column":null}},"5":{"start":{"line":20,"column":8},"end":{"line":23,"column":null}},"6":{"start":{"line":21,"column":28},"end":{"line":21,"column":null}},"7":{"start":{"line":22,"column":4},"end":{"line":22,"column":null}},"8":{"start":{"line":22,"column":27},"end":{"line":22,"column":54}},"9":{"start":{"line":25,"column":23},"end":{"line":41,"column":null}},"10":{"start":{"line":26,"column":4},"end":{"line":26,"column":null}},"11":{"start":{"line":27,"column":4},"end":{"line":40,"column":null}},"12":{"start":{"line":28,"column":28},"end":{"line":33,"column":null}},"13":{"start":{"line":35,"column":22},"end":{"line":35,"column":null}},"14":{"start":{"line":36,"column":6},"end":{"line":36,"column":null}},"15":{"start":{"line":36,"column":25},"end":{"line":36,"column":null}},"16":{"start":{"line":37,"column":6},"end":{"line":37,"column":null}},"17":{"start":{"line":39,"column":6},"end":{"line":39,"column":null}},"18":{"start":{"line":43,"column":2},"end":{"line":57,"column":null}}},"fnMap":{"0":{"name":"DoorForm","decl":{"start":{"line":5,"column":9},"end":{"line":5,"column":20}},"loc":{"start":{"line":5,"column":20},"end":{"line":59,"column":null}},"line":5},"1":{"name":"(anonymous_1)","decl":{"start":{"line":20,"column":8},"end":{"line":20,"column":24}},"loc":{"start":{"line":20,"column":30},"end":{"line":23,"column":null}},"line":20},"2":{"name":"(anonymous_2)","decl":{"start":{"line":22,"column":4},"end":{"line":22,"column":17}},"loc":{"start":{"line":22,"column":27},"end":{"line":22,"column":54}},"line":22},"3":{"name":"(anonymous_3)","decl":{"start":{"line":25,"column":23},"end":{"line":25,"column":30}},"loc":{"start":{"line":25,"column":36},"end":{"line":41,"column":null}},"line":25}},"branchMap":{"0":{"loc":{"start":{"line":36,"column":6},"end":{"line":36,"column":null}},"type":"if","locations":[{"start":{"line":36,"column":6},"end":{"line":36,"column":null}},{"start":{},"end":{}}],"line":36},"1":{"loc":{"start":{"line":46,"column":7},"end":{"line":46,"column":null}},"type":"binary-expr","locations":[{"start":{"line":46,"column":7},"end":{"line":46,"column":16}},{"start":{"line":46,"column":16},"end":{"line":46,"column":null}}],"line":46},"2":{"loc":{"start":{"line":54,"column":11},"end":{"line":54,"column":null}},"type":"cond-expr","locations":[{"start":{"line":54,"column":26},"end":{"line":54,"column":40}},{"start":{"line":54,"column":40},"end":{"line":54,"column":null}}],"line":54}},"s":{"0":13,"1":13,"2":13,"3":13,"4":13,"5":13,"6":10,"7":10,"8":10,"9":13,"10":2,"11":2,"12":2,"13":2,"14":1,"15":0,"16":1,"17":1,"18":13},"f":{"0":13,"1":10,"2":10,"3":2},"b":{"0":[0,1],"1":[13,6],"2":[0,13]},"meta":{"lastBranch":3,"lastFunction":4,"lastStatement":19,"seen":{"f:5:9:5:20":0,"s:7:19:7:31":0,"s:8:18:8:35":1,"s:9:24:9:Infinity":2,"s:11:43:11:54":3,"s:12:34:18:Infinity":4,"s:20:8:23:Infinity":5,"f:20:8:20:24":1,"s:21:28:21:Infinity":6,"s:22:4:22:Infinity":7,"f:22:4:22:17":2,"s:22:27:22:54":8,"s:25:23:41:Infinity":9,"f:25:23:25:30":3,"s:26:4:26:Infinity":10,"s:27:4:40:Infinity":11,"s:28:28:33:Infinity":12,"s:35:22:35:Infinity":13,"b:36:6:36:Infinity:undefined:undefined:undefined:undefined":0,"s:36:6:36:Infinity":14,"s:36:25:36:Infinity":15,"s:37:6:37:Infinity":16,"s:39:6:39:Infinity":17,"s:43:2:57:Infinity":18,"b:46:7:46:16:46:16:46:Infinity":1,"b:54:26:54:40:54:40:54:Infinity":2},"fnNames":{}}}
,"/mnt/c/users/matth/documents/flatiron/summative-lab-product-vendor-portal/src/pages/DoorList.jsx": {"path":"/mnt/c/users/matth/documents/flatiron/summative-lab-product-vendor-portal/src/pages/DoorList.jsx","statementMap":{"0":{"start":{"line":7,"column":39},"end":{"line":7,"column":56}},"1":{"start":{"line":9,"column":4},"end":{"line":17,"column":null}},"2":{"start":{"line":14,"column":16},"end":{"line":14,"column":null}}},"fnMap":{"0":{"name":"DoorList","decl":{"start":{"line":5,"column":9},"end":{"line":5,"column":20}},"loc":{"start":{"line":5,"column":20},"end":{"line":20,"column":null}},"line":5},"1":{"name":"(anonymous_1)","decl":{"start":{"line":13,"column":19},"end":{"line":13,"column":24}},"loc":{"start":{"line":14,"column":16},"end":{"line":14,"column":null}},"line":14}},"branchMap":{},"s":{"0":3,"1":3,"2":3},"f":{"0":3,"1":3},"b":{},"meta":{"lastBranch":0,"lastFunction":2,"lastStatement":3,"seen":{"f:5:9:5:20":0,"s:7:39:7:56":0,"s:9:4:17:Infinity":1,"f:13:19:13:24":1,"s:14:16:14:Infinity":2},"fnNames":{}}}
,"/mnt/c/users/matth/documents/flatiron/summative-lab-product-vendor-portal/src/pages/ErrorPage.jsx": {"path":"/mnt/c/users/matth/documents/flatiron/summative-lab-product-vendor-portal/src/pages/ErrorPage.jsx","statementMap":{"0":{"start":{"line":5,"column":4},"end":{"line":12,"column":null}}},"fnMap":{"0":{"name":"ErrorPage","decl":{"start":{"line":3,"column":9},"end":{"line":3,"column":21}},"loc":{"start":{"line":3,"column":21},"end":{"line":14,"column":null}},"line":3}},"branchMap":{},"s":{"0":1},"f":{"0":1},"b":{},"meta":{"lastBranch":0,"lastFunction":1,"lastStatement":1,"seen":{"f:3:9:3:21":0,"s:5:4:12:Infinity":0},"fnNames":{}}}
,"/mnt/c/users/matth/documents/flatiron/summative-lab-product-vendor-portal/src/pages/Home.jsx": {"path":"/mnt/c/users/matth/documents/flatiron/summative-lab-product-vendor-portal/src/pages/Home.jsx","statementMap":{"0":{"start":{"line":4,"column":4},"end":{"line":13,"column":null}}},"fnMap":{"0":{"name":"Home","decl":{"start":{"line":3,"column":9},"end":{"line":3,"column":16}},"loc":{"start":{"line":3,"column":16},"end":{"line":15,"column":null}},"line":3}},"branchMap":{},"s":{"0":2},"f":{"0":2},"b":{},"meta":{"lastBranch":0,"lastFunction":1,"lastStatement":1,"seen":{"f:3:9:3:16":0,"s:4:4:13:Infinity":0},"fnNames":{}}}
}
